B 0 GOOG 888 10
B 1 GOOG 888 10
B 2 GOOG 888 10
B 3 GOOG 888 10
B 4 GOOG 888 10
B 5 GOOG 888 10
B 6 GOOG 888 10
B 7 GOOG 888 10
B 8 GOOG 888 10
B 9 GOOG 888 10
B 10 GOOG 888 10
B 11 GOOG 888 10
B 12 GOOG 888 10
B 13 GOOG 888 10
B 14 GOOG 888 10
B 15 GOOG 888 10
B 16 GOOG 888 10
B 17 GOOG 888 10
B 18 GOOG 888 10
B 19 GOOG 888 10
B 20 GOOG 888 10
B 21 GOOG 888 10
B 22 GOOG 888 10
B 23 GOOG 888 10
B 24 GOOG 888 10
B 25 GOOG 888 10
B 26 GOOG 888 10
B 27 GOOG 888 10
B 28 GOOG 888 10
B 29 GOOG 888 10
B 30 GOOG 888 10
B 31 GOOG 888 10
B 32 GOOG 888 10
B 33 GOOG 888 10
B 34 GOOG 888 10
B 35 GOOG 888 10
B 36 GOOG 888 10
B 37 GOOG 888 10
B 38 GOOG 888 10
B 39 GOOG 888 10
B 40 GOOG 888 10
B 41 GOOG 888 10
B 42 GOOG 888 10
B 43 GOOG 888 10
B 44 GOOG 888 10
B 45 GOOG 888 10
B 46 GOOG 888 10
B 47 GOOG 888 10
B 48 GOOG 888 10
B 49 GOOG 888 10
B 50 GOOG 888 10
B 51 GOOG 888 10
B 52 GOOG 888 10
B 53 GOOG 888 10
B 54 GOOG 888 10
B 55 GOOG 888 10
B 56 GOOG 888 10
B 57 GOOG 888 10
B 58 GOOG 888 10
B 59 GOOG 888 10
B 60 GOOG 888 10
B 61 GOOG 888 10
B 62 GOOG 888 10
B 63 GOOG 888 10
B 64 GOOG 888 10
B 65 GOOG 888 10
B 66 GOOG 888 10
B 67 GOOG 888 10
B 68 GOOG 888 10
B 69 GOOG 888 10
B 70 GOOG 888 10
B 71 GOOG 888 10
B 72 GOOG 888 10
B 73 GOOG 888 10
B 74 GOOG 888 10
B 75 GOOG 888 10
B 76 GOOG 888 10
B 77 GOOG 888 10
B 78 GOOG 888 10
B 79 GOOG 888 10
B 80 GOOG 888 10
B 81 GOOG 888 10
B 82 GOOG 888 10
B 83 GOOG 888 10
B 84 GOOG 888 10
B 85 GOOG 888 10
B 86 GOOG 888 10
B 87 GOOG 888 10
B 88 GOOG 888 10
B 89 GOOG 888 10
B 90 GOOG 888 10
B 91 GOOG 888 10
B 92 GOOG 888 10
B 93 GOOG 888 10
B 94 GOOG 888 10
B 95 GOOG 888 10
B 96 GOOG 888 10
B 97 GOOG 888 10
B 98 GOOG 888 10
B 99 GOOG 888 10
B 100 GOOG 888 10
B 101 GOOG 888 10
B 102 GOOG 888 10
B 103 GOOG 888 10
B 104 GOOG 888 10
B 105 GOOG 888 10
B 106 GOOG 888 10
B 107 GOOG 888 10
B 108 GOOG 888 10
B 109 GOOG 888 10
B 110 GOOG 888 10
B 111 GOOG 888 10
B 112 GOOG 888 10
B 113 GOOG 888 10
B 114 GOOG 888 10
B 115 GOOG 888 10
B 116 GOOG 888 10
B 117 GOOG 888 10
B 118 GOOG 888 10
B 119 GOOG 888 10
B 120 GOOG 888 10
B 121 GOOG 888 10
B 122 GOOG 888 10
B 123 GOOG 888 10
B 124 GOOG 888 10
B 125 GOOG 888 10
B 126 GOOG 888 10
B 127 GOOG 888 10
B 128 GOOG 888 10
B 129 GOOG 888 10
B 130 GOOG 888 10
B 131 GOOG 888 10
B 132 GOOG 888 10
B 133 GOOG 888 10
B 134 GOOG 888 10
B 135 GOOG 888 10
B 136 GOOG 888 10
B 137 GOOG 888 10
B 138 GOOG 888 10
B 139 GOOG 888 10
B 140 GOOG 888 10
B 141 GOOG 888 10
B 142 GOOG 888 10
B 143 GOOG 888 10
B 144 GOOG 888 10
B 145 GOOG 888 10
B 146 GOOG 888 10
B 147 GOOG 888 10
B 148 GOOG 888 10
B 149 GOOG 888 10
B 150 GOOG 888 10
B 151 GOOG 888 10
B 152 GOOG 888 10
B 153 GOOG 888 10
B 154 GOOG 888 10
B 155 GOOG 888 10
B 156 GOOG 888 10
B 157 GOOG 888 10
B 158 GOOG 888 10
B 159 GOOG 888 10
B 160 GOOG 888 10
B 161 GOOG 888 10
B 162 GOOG 888 10
B 163 GOOG 888 10
B 164 GOOG 888 10
B 165 GOOG 888 10
B 166 GOOG 888 10
B 167 GOOG 888 10
B 168 GOOG 888 10
B 169 GOOG 888 10
B 170 GOOG 888 10
B 171 GOOG 888 10
B 172 GOOG 888 10
B 173 GOOG 888 10
B 174 GOOG 888 10
B 175 GOOG 888 10
B 176 GOOG 888 10
B 177 GOOG 888 10
B 178 GOOG 888 10
B 179 GOOG 888 10
B 180 GOOG 888 10
B 181 GOOG 888 10
B 182 GOOG 888 10
B 183 GOOG 888 10
B 184 GOOG 888 10
B 185 GOOG 888 10
B 186 GOOG 888 10
B 187 GOOG 888 10
B 188 GOOG 888 10
B 189 GOOG 888 10
B 190 GOOG 888 10
B 191 GOOG 888 10
B 192 GOOG 888 10
B 193 GOOG 888 10
B 194 GOOG 888 10
B 195 GOOG 888 10
B 196 GOOG 888 10
B 197 GOOG 888 10
B 198 GOOG 888 10
B 199 GOOG 888 10
B 200 GOOG 888 10
B 201 GOOG 888 10
B 202 GOOG 888 10
B 203 GOOG 888 10
B 204 GOOG 888 10
B 205 GOOG 888 10
B 206 GOOG 888 10
B 207 GOOG 888 10
B 208 GOOG 888 10
B 209 GOOG 888 10
B 210 GOOG 888 10
B 211 GOOG 888 10
B 212 GOOG 888 10
B 213 GOOG 888 10
B 214 GOOG 888 10
B 215 GOOG 888 10
B 216 GOOG 888 10
B 217 GOOG 888 10
B 218 GOOG 888 10
B 219 GOOG 888 10
B 220 GOOG 888 10
B 221 GOOG 888 10
B 222 GOOG 888 10
B 223 GOOG 888 10
B 224 GOOG 888 10
B 225 GOOG 888 10
B 226 GOOG 888 10
B 227 GOOG 888 10
B 228 GOOG 888 10
B 229 GOOG 888 10
B 230 GOOG 888 10
B 231 GOOG 888 10
B 232 GOOG 888 10
B 233 GOOG 888 10
B 234 GOOG 888 10
B 235 GOOG 888 10
B 236 GOOG 888 10
B 237 GOOG 888 10
B 238 GOOG 888 10
B 239 GOOG 888 10
B 240 GOOG 888 10
B 241 GOOG 888 10
B 242 GOOG 888 10
B 243 GOOG 888 10
B 244 GOOG 888 10
B 245 GOOG 888 10
B 246 GOOG 888 10
B 247 GOOG 888 10
B 248 GOOG 888 10
B 249 GOOG 888 10
B 250 GOOG 888 10
B 251 GOOG 888 10
B 252 GOOG 888 10
B 253 GOOG 888 10
B 254 GOOG 888 10
B 255 GOOG 888 10
B 256 GOOG 888 10
B 257 GOOG 888 10
B 258 GOOG 888 10
B 259 GOOG 888 10
B 260 GOOG 888 10
B 261 GOOG 888 10
B 262 GOOG 888 10
B 263 GOOG 888 10
B 264 GOOG 888 10
B 265 GOOG 888 10
B 266 GOOG 888 10
B 267 GOOG 888 10
B 268 GOOG 888 10
B 269 GOOG 888 10
B 270 GOOG 888 10
B 271 GOOG 888 10
B 272 GOOG 888 10
B 273 GOOG 888 10
B 274 GOOG 888 10
B 275 GOOG 888 10
B 276 GOOG 888 10
B 277 GOOG 888 10
B 278 GOOG 888 10
B 279 GOOG 888 10
B 280 GOOG 888 10
B 281 GOOG 888 10
B 282 GOOG 888 10
B 283 GOOG 888 10
B 284 GOOG 888 10
B 285 GOOG 888 10
B 286 GOOG 888 10
B 287 GOOG 888 10
B 288 GOOG 888 10
B 289 GOOG 888 10
B 290 GOOG 888 10
B 291 GOOG 888 10
B 292 GOOG 888 10
B 293 GOOG 888 10
B 294 GOOG 888 10
B 295 GOOG 888 10
B 296 GOOG 888 10
B 297 GOOG 888 10
B 298 GOOG 888 10
B 299 GOOG 888 10
B 300 GOOG 888 10
B 301 GOOG 888 10
B 302 GOOG 888 10
B 303 GOOG 888 10
B 304 GOOG 888 10
B 305 GOOG 888 10
B 306 GOOG 888 10
B 307 GOOG 888 10
B 308 GOOG 888 10
B 309 GOOG 888 10
B 310 GOOG 888 10
B 311 GOOG 888 10
B 312 GOOG 888 10
B 313 GOOG 888 10
B 314 GOOG 888 10
B 315 GOOG 888 10
B 316 GOOG 888 10
B 317 GOOG 888 10
B 318 GOOG 888 10
B 319 GOOG 888 10
B 320 GOOG 888 10
B 321 GOOG 888 10
B 322 GOOG 888 10
B 323 GOOG 888 10
B 324 GOOG 888 10
B 325 GOOG 888 10
B 326 GOOG 888 10
B 327 GOOG 888 10
B 328 GOOG 888 10
B 329 GOOG 888 10
B 330 GOOG 888 10
B 331 GOOG 888 10
B 332 GOOG 888 10
B 333 GOOG 888 10
B 334 GOOG 888 10
B 335 GOOG 888 10
B 336 GOOG 888 10
B 337 GOOG 888 10
B 338 GOOG 888 10
B 339 GOOG 888 10
B 340 GOOG 888 10
B 341 GOOG 888 10
B 342 GOOG 888 10
B 343 GOOG 888 10
B 344 GOOG 888 10
B 345 GOOG 888 10
B 346 GOOG 888 10
B 347 GOOG 888 10
B 348 GOOG 888 10
B 349 GOOG 888 10
B 350 GOOG 888 10
B 351 GOOG 888 10
B 352 GOOG 888 10
B 353 GOOG 888 10
B 354 GOOG 888 10
B 355 GOOG 888 10
B 356 GOOG 888 10
B 357 GOOG 888 10
B 358 GOOG 888 10
B 359 GOOG 888 10
B 360 GOOG 888 10
B 361 GOOG 888 10
B 362 GOOG 888 10
B 363 GOOG 888 10
B 364 GOOG 888 10
B 365 GOOG 888 10
B 366 GOOG 888 10
B 367 GOOG 888 10
B 368 GOOG 888 10
B 369 GOOG 888 10
B 370 GOOG 888 10
B 371 GOOG 888 10
B 372 GOOG 888 10
B 373 GOOG 888 10
B 374 GOOG 888 10
B 375 GOOG 888 10
B 376 GOOG 888 10
B 377 GOOG 888 10
B 378 GOOG 888 10
B 379 GOOG 888 10
B 380 GOOG 888 10
B 381 GOOG 888 10
B 382 GOOG 888 10
B 383 GOOG 888 10
B 384 GOOG 888 10
B 385 GOOG 888 10
B 386 GOOG 888 10
B 387 GOOG 888 10
B 388 GOOG 888 10
B 389 GOOG 888 10
B 390 GOOG 888 10
B 391 GOOG 888 10
B 392 GOOG 888 10
B 393 GOOG 888 10
B 394 GOOG 888 10
B 395 GOOG 888 10
B 396 GOOG 888 10
B 397 GOOG 888 10
B 398 GOOG 888 10
B 399 GOOG 888 10
B 400 GOOG 888 10
B 401 GOOG 888 10
B 402 GOOG 888 10
B 403 GOOG 888 10
B 404 GOOG 888 10
B 405 GOOG 888 10
B 406 GOOG 888 10
B 407 GOOG 888 10
B 408 GOOG 888 10
B 409 GOOG 888 10
B 410 GOOG 888 10
B 411 GOOG 888 10
B 412 GOOG 888 10
B 413 GOOG 888 10
B 414 GOOG 888 10
B 415 GOOG 888 10
B 416 GOOG 888 10
B 417 GOOG 888 10
B 418 GOOG 888 10
B 419 GOOG 888 10
B 420 GOOG 888 10
B 421 GOOG 888 10
B 422 GOOG 888 10
B 423 GOOG 888 10
B 424 GOOG 888 10
B 425 GOOG 888 10
B 426 GOOG 888 10
B 427 GOOG 888 10
B 428 GOOG 888 10
B 429 GOOG 888 10
B 430 GOOG 888 10
B 431 GOOG 888 10
B 432 GOOG 888 10
B 433 GOOG 888 10
B 434 GOOG 888 10
B 435 GOOG 888 10
B 436 GOOG 888 10
B 437 GOOG 888 10
B 438 GOOG 888 10
B 439 GOOG 888 10
B 440 GOOG 888 10
B 441 GOOG 888 10
B 442 GOOG 888 10
B 443 GOOG 888 10
B 444 GOOG 888 10
B 445 GOOG 888 10
B 446 GOOG 888 10
B 447 GOOG 888 10
B 448 GOOG 888 10
B 449 GOOG 888 10
B 450 GOOG 888 10
B 451 GOOG 888 10
B 452 GOOG 888 10
B 453 GOOG 888 10
B 454 GOOG 888 10
B 455 GOOG 888 10
B 456 GOOG 888 10
B 457 GOOG 888 10
B 458 GOOG 888 10
B 459 GOOG 888 10
B 460 GOOG 888 10
B 461 GOOG 888 10
B 462 GOOG 888 10
B 463 GOOG 888 10
B 464 GOOG 888 10
B 465 GOOG 888 10
B 466 GOOG 888 10
B 467 GOOG 888 10
B 468 GOOG 888 10
B 469 GOOG 888 10
B 470 GOOG 888 10
B 471 GOOG 888 10
B 472 GOOG 888 10
B 473 GOOG 888 10
B 474 GOOG 888 10
B 475 GOOG 888 10
B 476 GOOG 888 10
B 477 GOOG 888 10
B 478 GOOG 888 10
B 479 GOOG 888 10
B 480 GOOG 888 10
B 481 GOOG 888 10
B 482 GOOG 888 10
B 483 GOOG 888 10
B 484 GOOG 888 10
B 485 GOOG 888 10
B 486 GOOG 888 10
B 487 GOOG 888 10
B 488 GOOG 888 10
B 489 GOOG 888 10
B 490 GOOG 888 10
B 491 GOOG 888 10
B 492 GOOG 888 10
B 493 GOOG 888 10
B 494 GOOG 888 10
B 495 GOOG 888 10
B 496 GOOG 888 10
B 497 GOOG 888 10
B 498 GOOG 888 10
B 499 GOOG 888 10

S 500 GOOG 888 10
S 501 GOOG 888 10
S 502 GOOG 888 10
S 503 GOOG 888 10
S 504 GOOG 888 10
S 505 GOOG 888 10
S 506 GOOG 888 10
S 507 GOOG 888 10
S 508 GOOG 888 10
S 509 GOOG 888 10
S 510 GOOG 888 10
S 511 GOOG 888 10
S 512 GOOG 888 10
S 513 GOOG 888 10
S 514 GOOG 888 10
S 515 GOOG 888 10
S 516 GOOG 888 10
S 517 GOOG 888 10
S 518 GOOG 888 10
S 519 GOOG 888 10
S 520 GOOG 888 10
S 521 GOOG 888 10
S 522 GOOG 888 10
S 523 GOOG 888 10
S 524 GOOG 888 10
S 525 GOOG 888 10
S 526 GOOG 888 10
S 527 GOOG 888 10
S 528 GOOG 888 10
S 529 GOOG 888 10
S 530 GOOG 888 10
S 531 GOOG 888 10
S 532 GOOG 888 10
S 533 GOOG 888 10
S 534 GOOG 888 10
S 535 GOOG 888 10
S 536 GOOG 888 10
S 537 GOOG 888 10
S 538 GOOG 888 10
S 539 GOOG 888 10
S 540 GOOG 888 10
S 541 GOOG 888 10
S 542 GOOG 888 10
S 543 GOOG 888 10
S 544 GOOG 888 10
S 545 GOOG 888 10
S 546 GOOG 888 10
S 547 GOOG 888 10
S 548 GOOG 888 10
S 549 GOOG 888 10
S 550 GOOG 888 10
S 551 GOOG 888 10
S 552 GOOG 888 10
S 553 GOOG 888 10
S 554 GOOG 888 10
S 555 GOOG 888 10
S 556 GOOG 888 10
S 557 GOOG 888 10
S 558 GOOG 888 10
S 559 GOOG 888 10
S 560 GOOG 888 10
S 561 GOOG 888 10
S 562 GOOG 888 10
S 563 GOOG 888 10
S 564 GOOG 888 10
S 565 GOOG 888 10
S 566 GOOG 888 10
S 567 GOOG 888 10
S 568 GOOG 888 10
S 569 GOOG 888 10
S 570 GOOG 888 10
S 571 GOOG 888 10
S 572 GOOG 888 10
S 573 GOOG 888 10
S 574 GOOG 888 10
S 575 GOOG 888 10
S 576 GOOG 888 10
S 577 GOOG 888 10
S 578 GOOG 888 10
S 579 GOOG 888 10
S 580 GOOG 888 10
S 581 GOOG 888 10
S 582 GOOG 888 10
S 583 GOOG 888 10
S 584 GOOG 888 10
S 585 GOOG 888 10
S 586 GOOG 888 10
S 587 GOOG 888 10
S 588 GOOG 888 10
S 589 GOOG 888 10
S 590 GOOG 888 10
S 591 GOOG 888 10
S 592 GOOG 888 10
S 593 GOOG 888 10
S 594 GOOG 888 10
S 595 GOOG 888 10
S 596 GOOG 888 10
S 597 GOOG 888 10
S 598 GOOG 888 10
S 599 GOOG 888 10
S 600 GOOG 888 10
S 601 GOOG 888 10
S 602 GOOG 888 10
S 603 GOOG 888 10
S 604 GOOG 888 10
S 605 GOOG 888 10
S 606 GOOG 888 10
S 607 GOOG 888 10
S 608 GOOG 888 10
S 609 GOOG 888 10
S 610 GOOG 888 10
S 611 GOOG 888 10
S 612 GOOG 888 10
S 613 GOOG 888 10
S 614 GOOG 888 10
S 615 GOOG 888 10
S 616 GOOG 888 10
S 617 GOOG 888 10
S 618 GOOG 888 10
S 619 GOOG 888 10
S 620 GOOG 888 10
S 621 GOOG 888 10
S 622 GOOG 888 10
S 623 GOOG 888 10
S 624 GOOG 888 10
S 625 GOOG 888 10
S 626 GOOG 888 10
S 627 GOOG 888 10
S 628 GOOG 888 10
S 629 GOOG 888 10
S 630 GOOG 888 10
S 631 GOOG 888 10
S 632 GOOG 888 10
S 633 GOOG 888 10
S 634 GOOG 888 10
S 635 GOOG 888 10
S 636 GOOG 888 10
S 637 GOOG 888 10
S 638 GOOG 888 10
S 639 GOOG 888 10
S 640 GOOG 888 10
S 641 GOOG 888 10
S 642 GOOG 888 10
S 643 GOOG 888 10
S 644 GOOG 888 10
S 645 GOOG 888 10
S 646 GOOG 888 10
S 647 GOOG 888 10
S 648 GOOG 888 10
S 649 GOOG 888 10
S 650 GOOG 888 10
S 651 GOOG 888 10
S 652 GOOG 888 10
S 653 GOOG 888 10
S 654 GOOG 888 10
S 655 GOOG 888 10
S 656 GOOG 888 10
S 657 GOOG 888 10
S 658 GOOG 888 10
S 659 GOOG 888 10
S 660 GOOG 888 10
S 661 GOOG 888 10
S 662 GOOG 888 10
S 663 GOOG 888 10
S 664 GOOG 888 10
S 665 GOOG 888 10
S 666 GOOG 888 10
S 667 GOOG 888 10
S 668 GOOG 888 10
S 669 GOOG 888 10
S 670 GOOG 888 10
S 671 GOOG 888 10
S 672 GOOG 888 10
S 673 GOOG 888 10
S 674 GOOG 888 10
S 675 GOOG 888 10
S 676 GOOG 888 10
S 677 GOOG 888 10
S 678 GOOG 888 10
S 679 GOOG 888 10
S 680 GOOG 888 10
S 681 GOOG 888 10
S 682 GOOG 888 10
S 683 GOOG 888 10
S 684 GOOG 888 10
S 685 GOOG 888 10
S 686 GOOG 888 10
S 687 GOOG 888 10
S 688 GOOG 888 10
S 689 GOOG 888 10
S 690 GOOG 888 10
S 691 GOOG 888 10
S 692 GOOG 888 10
S 693 GOOG 888 10
S 694 GOOG 888 10
S 695 GOOG 888 10
S 696 GOOG 888 10
S 697 GOOG 888 10
S 698 GOOG 888 10
S 699 GOOG 888 10
S 700 GOOG 888 10
S 701 GOOG 888 10
S 702 GOOG 888 10
S 703 GOOG 888 10
S 704 GOOG 888 10
S 705 GOOG 888 10
S 706 GOOG 888 10
S 707 GOOG 888 10
S 708 GOOG 888 10
S 709 GOOG 888 10
S 710 GOOG 888 10
S 711 GOOG 888 10
S 712 GOOG 888 10
S 713 GOOG 888 10
S 714 GOOG 888 10
S 715 GOOG 888 10
S 716 GOOG 888 10
S 717 GOOG 888 10
S 718 GOOG 888 10
S 719 GOOG 888 10
S 720 GOOG 888 10
S 721 GOOG 888 10
S 722 GOOG 888 10
S 723 GOOG 888 10
S 724 GOOG 888 10
S 725 GOOG 888 10
S 726 GOOG 888 10
S 727 GOOG 888 10
S 728 GOOG 888 10
S 729 GOOG 888 10
S 730 GOOG 888 10
S 731 GOOG 888 10
S 732 GOOG 888 10
S 733 GOOG 888 10
S 734 GOOG 888 10
S 735 GOOG 888 10
S 736 GOOG 888 10
S 737 GOOG 888 10
S 738 GOOG 888 10
S 739 GOOG 888 10
S 740 GOOG 888 10
S 741 GOOG 888 10
S 742 GOOG 888 10
S 743 GOOG 888 10
S 744 GOOG 888 10
S 745 GOOG 888 10
S 746 GOOG 888 10
S 747 GOOG 888 10
S 748 GOOG 888 10
S 749 GOOG 888 10
S 750 GOOG 888 10
S 751 GOOG 888 10
S 752 GOOG 888 10
S 753 GOOG 888 10
S 754 GOOG 888 10
S 755 GOOG 888 10
S 756 GOOG 888 10
S 757 GOOG 888 10
S 758 GOOG 888 10
S 759 GOOG 888 10
S 760 GOOG 888 10
S 761 GOOG 888 10
S 762 GOOG 888 10
S 763 GOOG 888 10
S 764 GOOG 888 10
S 765 GOOG 888 10
S 766 GOOG 888 10
S 767 GOOG 888 10
S 768 GOOG 888 10
S 769 GOOG 888 10
S 770 GOOG 888 10
S 771 GOOG 888 10
S 772 GOOG 888 10
S 773 GOOG 888 10
S 774 GOOG 888 10
S 775 GOOG 888 10
S 776 GOOG 888 10
S 777 GOOG 888 10
S 778 GOOG 888 10
S 779 GOOG 888 10
S 780 GOOG 888 10
S 781 GOOG 888 10
S 782 GOOG 888 10
S 783 GOOG 888 10
S 784 GOOG 888 10
S 785 GOOG 888 10
S 786 GOOG 888 10
S 787 GOOG 888 10
S 788 GOOG 888 10
S 789 GOOG 888 10
S 790 GOOG 888 10
S 791 GOOG 888 10
S 792 GOOG 888 10
S 793 GOOG 888 10
S 794 GOOG 888 10
S 795 GOOG 888 10
S 796 GOOG 888 10
S 797 GOOG 888 10
S 798 GOOG 888 10
S 799 GOOG 888 10
S 800 GOOG 888 10
S 801 GOOG 888 10
S 802 GOOG 888 10
S 803 GOOG 888 10
S 804 GOOG 888 10
S 805 GOOG 888 10
S 806 GOOG 888 10
S 807 GOOG 888 10
S 808 GOOG 888 10
S 809 GOOG 888 10
S 810 GOOG 888 10
S 811 GOOG 888 10
S 812 GOOG 888 10
S 813 GOOG 888 10
S 814 GOOG 888 10
S 815 GOOG 888 10
S 816 GOOG 888 10
S 817 GOOG 888 10
S 818 GOOG 888 10
S 819 GOOG 888 10
S 820 GOOG 888 10
S 821 GOOG 888 10
S 822 GOOG 888 10
S 823 GOOG 888 10
S 824 GOOG 888 10
S 825 GOOG 888 10
S 826 GOOG 888 10
S 827 GOOG 888 10
S 828 GOOG 888 10
S 829 GOOG 888 10
S 830 GOOG 888 10
S 831 GOOG 888 10
S 832 GOOG 888 10
S 833 GOOG 888 10
S 834 GOOG 888 10
S 835 GOOG 888 10
S 836 GOOG 888 10
S 837 GOOG 888 10
S 838 GOOG 888 10
S 839 GOOG 888 10
S 840 GOOG 888 10
S 841 GOOG 888 10
S 842 GOOG 888 10
S 843 GOOG 888 10
S 844 GOOG 888 10
S 845 GOOG 888 10
S 846 GOOG 888 10
S 847 GOOG 888 10
S 848 GOOG 888 10
S 849 GOOG 888 10
S 850 GOOG 888 10
S 851 GOOG 888 10
S 852 GOOG 888 10
S 853 GOOG 888 10
S 854 GOOG 888 10
S 855 GOOG 888 10
S 856 GOOG 888 10
S 857 GOOG 888 10
S 858 GOOG 888 10
S 859 GOOG 888 10
S 860 GOOG 888 10
S 861 GOOG 888 10
S 862 GOOG 888 10
S 863 GOOG 888 10
S 864 GOOG 888 10
S 865 GOOG 888 10
S 866 GOOG 888 10
S 867 GOOG 888 10
S 868 GOOG 888 10
S 869 GOOG 888 10
S 870 GOOG 888 10
S 871 GOOG 888 10
S 872 GOOG 888 10
S 873 GOOG 888 10
S 874 GOOG 888 10
S 875 GOOG 888 10
S 876 GOOG 888 10
S 877 GOOG 888 10
S 878 GOOG 888 10
S 879 GOOG 888 10
S 880 GOOG 888 10
S 881 GOOG 888 10
S 882 GOOG 888 10
S 883 GOOG 888 10
S 884 GOOG 888 10
S 885 GOOG 888 10
S 886 GOOG 888 10
S 887 GOOG 888 10
S 888 GOOG 888 10
S 889 GOOG 888 10
S 890 GOOG 888 10
S 891 GOOG 888 10
S 892 GOOG 888 10
S 893 GOOG 888 10
S 894 GOOG 888 10
S 895 GOOG 888 10
S 896 GOOG 888 10
S 897 GOOG 888 10
S 898 GOOG 888 10
S 899 GOOG 888 10
S 900 GOOG 888 10
S 901 GOOG 888 10
S 902 GOOG 888 10
S 903 GOOG 888 10
S 904 GOOG 888 10
S 905 GOOG 888 10
S 906 GOOG 888 10
S 907 GOOG 888 10
S 908 GOOG 888 10
S 909 GOOG 888 10
S 910 GOOG 888 10
S 911 GOOG 888 10
S 912 GOOG 888 10
S 913 GOOG 888 10
S 914 GOOG 888 10
S 915 GOOG 888 10
S 916 GOOG 888 10
S 917 GOOG 888 10
S 918 GOOG 888 10
S 919 GOOG 888 10
S 920 GOOG 888 10
S 921 GOOG 888 10
S 922 GOOG 888 10
S 923 GOOG 888 10
S 924 GOOG 888 10
S 925 GOOG 888 10
S 926 GOOG 888 10
S 927 GOOG 888 10
S 928 GOOG 888 10
S 929 GOOG 888 10
S 930 GOOG 888 10
S 931 GOOG 888 10
S 932 GOOG 888 10
S 933 GOOG 888 10
S 934 GOOG 888 10
S 935 GOOG 888 10
S 936 GOOG 888 10
S 937 GOOG 888 10
S 938 GOOG 888 10
S 939 GOOG 888 10
S 940 GOOG 888 10
S 941 GOOG 888 10
S 942 GOOG 888 10
S 943 GOOG 888 10
S 944 GOOG 888 10
S 945 GOOG 888 10
S 946 GOOG 888 10
S 947 GOOG 888 10
S 948 GOOG 888 10
S 949 GOOG 888 10
S 950 GOOG 888 10
S 951 GOOG 888 10
S 952 GOOG 888 10
S 953 GOOG 888 10
S 954 GOOG 888 10
S 955 GOOG 888 10
S 956 GOOG 888 10
S 957 GOOG 888 10
S 958 GOOG 888 10
S 959 GOOG 888 10
S 960 GOOG 888 10
S 961 GOOG 888 10
S 962 GOOG 888 10
S 963 GOOG 888 10
S 964 GOOG 888 10
S 965 GOOG 888 10
S 966 GOOG 888 10
S 967 GOOG 888 10
S 968 GOOG 888 10
S 969 GOOG 888 10
S 970 GOOG 888 10
S 971 GOOG 888 10
S 972 GOOG 888 10
S 973 GOOG 888 10
S 974 GOOG 888 10
S 975 GOOG 888 10
S 976 GOOG 888 10
S 977 GOOG 888 10
S 978 GOOG 888 10
S 979 GOOG 888 10
S 980 GOOG 888 10
S 981 GOOG 888 10
S 982 GOOG 888 10
S 983 GOOG 888 10
S 984 GOOG 888 10
S 985 GOOG 888 10
S 986 GOOG 888 10
S 987 GOOG 888 10
S 988 GOOG 888 10
S 989 GOOG 888 10
S 990 GOOG 888 10
S 991 GOOG 888 10
S 992 GOOG 888 10
S 993 GOOG 888 10
S 994 GOOG 888 10
S 995 GOOG 888 10
S 996 GOOG 888 10
S 997 GOOG 888 10
S 998 GOOG 888 10
S 999 GOOG 888 10
